Arguments: 
  /home/bob/.nvm/versions/node/v16.17.0/bin/node /home/bob/.nvm/versions/node/v16.17.0/bin/yarn add actioncable // Official Rails real-time support

PATH: 
  /home/bob/.local/bin:/home/bob/.nvm/versions/node/v16.17.0/bin:/home/bob/.rbenv/shims:/home/bob/.rbenv/bin:/usr/local/sbin:/usr/local/bin:/usr/sbin:/usr/bin:/sbin:/bin:/usr/games:/usr/local/games:/usr/lib/wsl/lib:/mnt/c/Program Files (x86)/Intel/Intel(R) Management Engine Components/iCLS/:/mnt/c/Program Files/Intel/Intel(R) Management Engine Components/iCLS/:/mnt/c/WINDOWS/system32:/mnt/c/WINDOWS:/mnt/c/WINDOWS/System32/Wbem:/mnt/c/WINDOWS/System32/WindowsPowerShell/v1.0/:/mnt/c/WINDOWS/System32/OpenSSH/:/mnt/c/Program Files (x86)/Intel/Intel(R) Management Engine Components/DAL:/mnt/c/Program Files/Intel/Intel(R) Management Engine Components/DAL:/mnt/c/Program Files/Git/cmd:/mnt/c/Users/krith/OneDrive/Downloads/:/mnt/c/Users/krith/AppData/Local/Microsoft/WindowsApps:/mnt/c/Users/krith/AppData/Local/Programs/Microsoft VS Code/bin:/mnt/c/Users/krith/AppData/Local/atom/bin:/mnt/c/Users/krith/AppData/Local/GitHubDesktop/bin:/mnt/c/Users/krith/AppData/Local/Microsoft/WindowsApps:/mnt/c/Users/krith/AppData/Roaming/npm:/snap/bin

Yarn version: 
  1.22.19

Node version: 
  16.17.0

Platform: 
  linux x64

Trace: 
  Error: https://registry.yarnpkg.com/Official: Not found
      at Request.params.callback [as _callback] (/home/bob/.nvm/versions/node/v16.17.0/lib/node_modules/yarn/lib/cli.js:66145:18)
      at Request.self.callback (/home/bob/.nvm/versions/node/v16.17.0/lib/node_modules/yarn/lib/cli.js:140890:22)
      at Request.emit (node:events:513:28)
      at Request.<anonymous> (/home/bob/.nvm/versions/node/v16.17.0/lib/node_modules/yarn/lib/cli.js:141862:10)
      at Request.emit (node:events:513:28)
      at IncomingMessage.<anonymous> (/home/bob/.nvm/versions/node/v16.17.0/lib/node_modules/yarn/lib/cli.js:141784:12)
      at Object.onceWrapper (node:events:627:28)
      at IncomingMessage.emit (node:events:525:35)
      at endReadableNT (node:internal/streams/readable:1358:12)
      at processTicksAndRejections (node:internal/process/task_queues:83:21)

npm manifest: 
  No manifest

yarn manifest: 
  No manifest

Lockfile: 
  No lockfile
